0 info it worked if it ends with ok
1 verbose cli [ '/usr/bin/nodejs', '/usr/bin/npm', 'start' ]
2 info using npm@3.5.2
3 info using node@v4.2.6
4 verbose run-script [ 'prestart', 'start', 'poststart' ]
5 info lifecycle testinger@0.2.2~prestart: testinger@0.2.2
6 silly lifecycle testinger@0.2.2~prestart: no script for prestart, continuing
7 info lifecycle testinger@0.2.2~start: testinger@0.2.2
8 verbose lifecycle testinger@0.2.2~start: unsafe-perm in lifecycle true
9 verbose lifecycle testinger@0.2.2~start: PATH: /usr/share/npm/bin/node-gyp-bin:/home/pkc/Documents/dev/workstation/Jira0309/testinger/testinger/node_modules/.bin:/home/linuxbrew/.linuxbrew/bin:/home/linuxbrew/.linuxbrew/sbin:/usr/local/sbin:/usr/local/bin:/usr/sbin:/usr/bin:/sbin:/bin:/usr/games:/usr/local/games:/snap/bin
10 verbose lifecycle testinger@0.2.2~start: CWD: /home/pkc/Documents/dev/workstation/Jira0309/testinger/testinger
11 silly lifecycle testinger@0.2.2~start: Args: [ '-c', 'node scripts/pre-start.js & react-scripts start' ]
12 silly lifecycle testinger@0.2.2~start: Returned: code: 1  signal: null
13 info lifecycle testinger@0.2.2~start: Failed to exec start script
14 verbose stack Error: testinger@0.2.2 start: `node scripts/pre-start.js & react-scripts start`
14 verbose stack Exit status 1
14 verbose stack     at EventEmitter.<anonymous> (/usr/share/npm/lib/utils/lifecycle.js:232:16)
14 verbose stack     at emitTwo (events.js:87:13)
14 verbose stack     at EventEmitter.emit (events.js:172:7)
14 verbose stack     at ChildProcess.<anonymous> (/usr/share/npm/lib/utils/spawn.js:24:14)
14 verbose stack     at emitTwo (events.js:87:13)
14 verbose stack     at ChildProcess.emit (events.js:172:7)
14 verbose stack     at maybeClose (internal/child_process.js:821:16)
14 verbose stack     at Process.ChildProcess._handle.onexit (internal/child_process.js:211:5)
15 verbose pkgid testinger@0.2.2
16 verbose cwd /home/pkc/Documents/dev/workstation/Jira0309/testinger/testinger
17 error Linux 4.4.0-21-generic
18 error argv "/usr/bin/nodejs" "/usr/bin/npm" "start"
19 error node v4.2.6
20 error npm  v3.5.2
21 error code ELIFECYCLE
22 error testinger@0.2.2 start: `node scripts/pre-start.js & react-scripts start`
22 error Exit status 1
23 error Failed at the testinger@0.2.2 start script 'node scripts/pre-start.js & react-scripts start'.
23 error Make sure you have the latest version of node.js and npm installed.
23 error If you do, this is most likely a problem with the testinger package,
23 error not with npm itself.
23 error Tell the author that this fails on your system:
23 error     node scripts/pre-start.js & react-scripts start
23 error You can get information on how to open an issue for this project with:
23 error     npm bugs testinger
23 error Or if that isn't available, you can get their info via:
23 error     npm owner ls testinger
23 error There is likely additional logging output above.
24 verbose exit [ 1, true ]
